# JRE version: Java(TM) SE Runtime Environment (8.0_181-b13) (build 1.8.0_181-b13)
# Java VM: Java HotSpot(TM) 64-Bit Server VM (25.181-b13 mixed mode linux-amd64 compressed oops)
Heap:
 PSYoungGen      total 252928K, used 70221K [0x000000076f780000, 0x000000077f780000, 0x00000007c0000000)
  eden space 246784K, 26% used [0x000000076f780000,0x0000000773631d78,0x000000077e880000)
  from space 6144K, 98% used [0x000000077ef80000,0x000000077f561818,0x000000077f580000)
  to   space 7168K, 0% used [0x000000077e880000,0x000000077e880000,0x000000077ef80000)
 ParOldGen       total 165376K, used 48K [0x00000006ce600000, 0x00000006d8780000, 0x000000076f780000)
  object space 165376K, 0% used [0x00000006ce600000,0x00000006ce60c000,0x00000006d8780000)
 Metaspace       used 17348K, capacity 17561K, committed 17792K, reserved 1064960K
  class space    used 2086K, capacity 2170K, committed 2176K, reserved 1048576K
GC Heap History (10 events):
Event: 0.788 GC heap before
{Heap before GC invocations=2 (full 0):
 PSYoungGen      total 72192K, used 68005K [0x000000076f780000, 0x0000000774800000, 0x00000007c0000000)
  eden space 61952K, 100% used [0x000000076f780000,0x0000000773400000,0x0000000773400000)
  from space 10240K, 59% used [0x0000000773400000,0x00000007739e9798,0x0000000773e00000)
  to   space 10240K, 0% used [0x0000000773e00000,0x0000000773e00000,0x0000000774800000)
 ParOldGen       total 165376K, used 8K [0x00000006ce600000, 0x00000006d8780000, 0x000000076f780000)
  object space 165376K, 0% used [0x00000006ce600000,0x00000006ce602000,0x00000006d8780000)
 Metaspace       used 8963K, capacity 9094K, committed 9344K, reserved 1056768K
  class space    used 1258K, capacity 1305K, committed 1408K, reserved 1048576K
Event: 0.790 GC heap after
Heap after GC invocations=2 (full 0):
 PSYoungGen      total 72192K, used 1942K [0x000000076f780000, 0x0000000778480000, 0x00000007c0000000)
  eden space 61952K, 0% used [0x000000076f780000,0x000000076f780000,0x0000000773400000)
  from space 10240K, 18% used [0x0000000773e00000,0x0000000773fe5b30,0x0000000774800000)
  to   space 10240K, 0% used [0x0000000773400000,0x0000000773400000,0x0000000773e00000)
 ParOldGen       total 165376K, used 16K [0x00000006ce600000, 0x00000006d8780000, 0x000000076f780000)
  object space 165376K, 0% used [0x00000006ce600000,0x00000006ce604000,0x00000006d8780000)
 Metaspace       used 8963K, capacity 9094K, committed 9344K, reserved 1056768K
  class space    used 1258K, capacity 1305K, committed 1408K, reserved 1048576K
}
Event: 0.923 GC heap before
{Heap before GC invocations=3 (full 0):
 PSYoungGen      total 72192K, used 63894K [0x000000076f780000, 0x0000000778480000, 0x00000007c0000000)
  eden space 61952K, 100% used [0x000000076f780000,0x0000000773400000,0x0000000773400000)
  from space 10240K, 18% used [0x0000000773e00000,0x0000000773fe5b30,0x0000000774800000)
  to   space 10240K, 0% used [0x0000000773400000,0x0000000773400000,0x0000000773e00000)
 ParOldGen       total 165376K, used 16K [0x00000006ce600000, 0x00000006d8780000, 0x000000076f780000)
  object space 165376K, 0% used [0x00000006ce600000,0x00000006ce604000,0x00000006d8780000)
 Metaspace       used 9006K, capacity 9158K, committed 9344K, reserved 1056768K
  class space    used 1258K, capacity 1305K, committed 1408K, reserved 1048576K
Event: 0.924 GC heap after
Heap after GC invocations=3 (full 0):
 PSYoungGen      total 72192K, used 1867K [0x000000076f780000, 0x0000000778480000, 0x00000007c0000000)
  eden space 61952K, 0% used [0x000000076f780000,0x000000076f780000,0x0000000773400000)
  from space 10240K, 18% used [0x0000000773400000,0x00000007735d2d78,0x0000000773e00000)
  to   space 10240K, 0% used [0x0000000777a80000,0x0000000777a80000,0x0000000778480000)
 ParOldGen       total 165376K, used 24K [0x00000006ce600000, 0x00000006d8780000, 0x000000076f780000)
  object space 165376K, 0% used [0x00000006ce600000,0x00000006ce606000,0x00000006d8780000)
 Metaspace       used 9006K, capacity 9158K, committed 9344K, reserved 1056768K
  class space    used 1258K, capacity 1305K, committed 1408K, reserved 1048576K
}
Event: 1.160 GC heap before
{Heap before GC invocations=4 (full 0):
 PSYoungGen      total 72192K, used 63819K [0x000000076f780000, 0x0000000778480000, 0x00000007c0000000)
  eden space 61952K, 100% used [0x000000076f780000,0x0000000773400000,0x0000000773400000)
  from space 10240K, 18% used [0x0000000773400000,0x00000007735d2d78,0x0000000773e00000)
  to   space 10240K, 0% used [0x0000000777a80000,0x0000000777a80000,0x0000000778480000)
 ParOldGen       total 165376K, used 24K [0x00000006ce600000, 0x00000006d8780000, 0x000000076f780000)
  object space 165376K, 0% used [0x00000006ce600000,0x00000006ce606000,0x00000006d8780000)
 Metaspace       used 10608K, capacity 10790K, committed 11008K, reserved 1058816K
  class space    used 1401K, capacity 1465K, committed 1536K, reserved 1048576K
Event: 1.165 GC heap after
Heap after GC invocations=4 (full 0):
 PSYoungGen      total 134144K, used 3075K [0x000000076f780000, 0x0000000778480000, 0x00000007c0000000)
  eden space 123904K, 0% used [0x000000076f780000,0x000000076f780000,0x0000000777080000)
  from space 10240K, 30% used [0x0000000777a80000,0x0000000777d80f68,0x0000000778480000)
  to   space 10240K, 0% used [0x0000000777080000,0x0000000777080000,0x0000000777a80000)
 ParOldGen       total 165376K, used 32K [0x00000006ce600000, 0x00000006d8780000, 0x000000076f780000)
  object space 165376K, 0% used [0x00000006ce600000,0x00000006ce608000,0x00000006d8780000)
 Metaspace       used 10608K, capacity 10790K, committed 11008K, reserved 1058816K
  class space    used 1401K, capacity 1465K, committed 1536K, reserved 1048576K
}
Event: 1.394 GC heap before
{Heap before GC invocations=5 (full 0):
 PSYoungGen      total 134144K, used 126979K [0x000000076f780000, 0x0000000778480000, 0x00000007c0000000)
  eden space 123904K, 100% used [0x000000076f780000,0x0000000777080000,0x0000000777080000)
  from space 10240K, 30% used [0x0000000777a80000,0x0000000777d80f68,0x0000000778480000)
  to   space 10240K, 0% used [0x0000000777080000,0x0000000777080000,0x0000000777a80000)
 ParOldGen       total 165376K, used 32K [0x00000006ce600000, 0x00000006d8780000, 0x000000076f780000)
  object space 165376K, 0% used [0x00000006ce600000,0x00000006ce608000,0x00000006d8780000)
 Metaspace       used 10726K, capacity 10918K, committed 11008K, reserved 1058816K
  class space    used 1401K, capacity 1465K, committed 1536K, reserved 1048576K
Event: 1.400 GC heap after
Heap after GC invocations=5 (full 0):
 PSYoungGen      total 134144K, used 4173K [0x000000076f780000, 0x000000077f580000, 0x00000007c0000000)
  eden space 123904K, 0% used [0x000000076f780000,0x000000076f780000,0x0000000777080000)
  from space 10240K, 40% used [0x0000000777080000,0x0000000777493680,0x0000000777a80000)
  to   space 6144K, 0% used [0x000000077ef80000,0x000000077ef80000,0x000000077f580000)
 ParOldGen       total 165376K, used 40K [0x00000006ce600000, 0x00000006d8780000, 0x000000076f780000)
  object space 165376K, 0% used [0x00000006ce600000,0x00000006ce60a000,0x00000006d8780000)
 Metaspace       used 10726K, capacity 10918K, committed 11008K, reserved 1058816K
  class space    used 1401K, capacity 1465K, committed 1536K, reserved 1048576K
}
Event: 1.496 GC heap before
{Heap before GC invocations=6 (full 0):
 PSYoungGen      total 134144K, used 128077K [0x000000076f780000, 0x000000077f580000, 0x00000007c0000000)
  eden space 123904K, 100% used [0x000000076f780000,0x0000000777080000,0x0000000777080000)
  from space 10240K, 40% used [0x0000000777080000,0x0000000777493680,0x0000000777a80000)
  to   space 6144K, 0% used [0x000000077ef80000,0x000000077ef80000,0x000000077f580000)
 ParOldGen       total 165376K, used 40K [0x00000006ce600000, 0x00000006d8780000, 0x000000076f780000)
  object space 165376K, 0% used [0x00000006ce600000,0x00000006ce60a000,0x00000006d8780000)
 Metaspace       used 10726K, capacity 10918K, committed 11008K, reserved 1058816K
  class space    used 1401K, capacity 1465K, committed 1536K, reserved 1048576K
Event: 1.501 GC heap after
Heap after GC invocations=6 (full 0):
 PSYoungGen      total 252928K, used 6022K [0x000000076f780000, 0x000000077f780000, 0x00000007c0000000)
  eden space 246784K, 0% used [0x000000076f780000,0x000000076f780000,0x000000077e880000)
  from space 6144K, 98% used [0x000000077ef80000,0x000000077f561818,0x000000077f580000)
  to   space 7168K, 0% used [0x000000077e880000,0x000000077e880000,0x000000077ef80000)
 ParOldGen       total 165376K, used 48K [0x00000006ce600000, 0x00000006d8780000, 0x000000076f780000)
  object space 165376K, 0% used [0x00000006ce600000,0x00000006ce60c000,0x00000006d8780000)
 Metaspace       used 10726K, capacity 10918K, committed 11008K, reserved 1058816K
  class space    used 1401K, capacity 1465K, committed 1536K, reserved 1048576K
}

